<?xml version="1.0" encoding="UTF-8"?>
<!-- Generated by org.testng.reporters.JUnitReportReporter -->
<testsuite hostname="DESKTOP-5IO57N8" failures="0" tests="3" name="TestNG.Apollo_Login" time="32.657" errors="0" timestamp="2021-07-16T10:30:03 IST" skipped="0">
  <testcase classname="TestNG.Apollo_Login" name="verifyHomePage" time="0.021"/>
  <system-out/>
  <testcase classname="TestNG.Apollo_Login" name="LoginPage" time="26.900"/>
  <system-out/>
  <testcase classname="TestNG.Apollo_Login" name="InvalidLoginPage" time="5.736"/>
  <system-out/>
</testsuite> <!-- TestNG.Apollo_Login -->
